<?xml version="1.0" encoding="UTF-8"?>
<testsuite name="com.humanit.salary_api.controller.SalaryComponentControllerTest" tests="6" skipped="0" failures="0" errors="0" timestamp="2024-11-28T18:27:41" hostname="YURI-CPU" time="0.432">
  <properties/>
  <testcase name="Test 6: Delete Salary Components" classname="com.humanit.salary_api.controller.SalaryComponentControllerTest" time="0.14"/>
  <testcase name="Test 4: Get All Salaries Components By Salary Id" classname="com.humanit.salary_api.controller.SalaryComponentControllerTest" time="0.147"/>
  <testcase name="Test 1: Create Salary Component" classname="com.humanit.salary_api.controller.SalaryComponentControllerTest" time="0.114"/>
  <testcase name="Test 5: Update Salary Component" classname="com.humanit.salary_api.controller.SalaryComponentControllerTest" time="0.008"/>
  <testcase name="Test 2: Get All Salaries Components" classname="com.humanit.salary_api.controller.SalaryComponentControllerTest" time="0.007"/>
  <testcase name="Test 3: Get Salary Components By Id" classname="com.humanit.salary_api.controller.SalaryComponentControllerTest" time="0.006"/>
  <system-out><![CDATA[2024-11-28 15:27:39.612 [Correlation ID: ] - Could not detect default configuration classes for test class [com.humanit.salary_api.controller.SalaryComponentControllerTest]: SalaryComponentControllerTest does not declare any static, non-private, non-final, nested classes annotated with @Configuration.
2024-11-28 15:27:39.663 [Correlation ID: ] - Found @SpringBootConfiguration com.humanit.salary_api.SalaryApiApplication for test class com.humanit.salary_api.controller.SalaryComponentControllerTest

  .   ____          _            __ _ _
 /\\ / ___'_ __ _ _(_)_ __  __ _ \ \ \ \
( ( )\___ | '_ | '_| | '_ \/ _` | \ \ \ \
 \\/  ___)| |_)| | | | | || (_| |  ) ) ) )
  '  |____| .__|_| |_|_| |_\__, | / / / /
 =========|_|==============|___/=/_/_/_/

 :: Spring Boot ::                (v3.3.5)

2024-11-28 15:27:39.700 [Correlation ID: ] - Starting SalaryComponentControllerTest using Java 21.0.4 with PID 9080 (started by yuric in D:\Projetos\HumanIT\Projeto Final\salary_api)
2024-11-28 15:27:39.700 [Correlation ID: ] - No active profile set, falling back to 1 default profile: "default"
2024-11-28 15:27:41.386 [Correlation ID: ] - Initializing Spring TestDispatcherServlet ''
2024-11-28 15:27:41.386 [Correlation ID: ] - Initializing Servlet ''
2024-11-28 15:27:41.389 [Correlation ID: ] - Completed initialization in 1 ms
2024-11-28 15:27:41.424 [Correlation ID: ] - Started SalaryComponentControllerTest in 1.746 seconds (process running for 13.521)
2024-11-28 15:27:41.634 [Correlation ID: ] - Serializing PageImpl instances as-is is not supported, meaning that there is no guarantee about the stability of the resulting JSON structure!
	For a stable JSON structure, please use Spring Data's PagedModel (globally via @EnableSpringDataWebSupport(pageSerializationMode = VIA_DTO))
	or Spring HATEOAS and Spring Data's PagedResourcesAssembler as documented in https://docs.spring.io/spring-data/commons/reference/repositories/core-extensions.html#core.web.pageables.

]]></system-out>
  <system-err><![CDATA[WARNING: A Java agent has been loaded dynamically (C:\Users\yuric\.gradle\caches\modules-2\files-2.1\net.bytebuddy\byte-buddy-agent\1.14.19\154da3a65b4f4a909d3e5bdec55d1b2b4cbb6ce1\byte-buddy-agent-1.14.19.jar)
WARNING: If a serviceability tool is in use, please run with -XX:+EnableDynamicAgentLoading to hide this warning
WARNING: If a serviceability tool is not in use, please run with -Djdk.instrument.traceUsage for more information
WARNING: Dynamic loading of agents will be disallowed by default in a future release
]]></system-err>
</testsuite>
