<?xml version="1.0" encoding="UTF-8"?>
<testsuite name="com.humanit.salary_api.controller.SalaryControllerTest" tests="6" skipped="0" failures="0" errors="0" timestamp="2024-11-28T18:27:42" hostname="YURI-CPU" time="0.068">
  <properties/>
  <testcase name="Test 5: Update Salary" classname="com.humanit.salary_api.controller.SalaryControllerTest" time="0.032"/>
  <testcase name="Test 1: Create Salary" classname="com.humanit.salary_api.controller.SalaryControllerTest" time="0.007"/>
  <testcase name="Test 3: Get Salary By Id" classname="com.humanit.salary_api.controller.SalaryControllerTest" time="0.006"/>
  <testcase name="Test 2: Get All Salaries" classname="com.humanit.salary_api.controller.SalaryControllerTest" time="0.008"/>
  <testcase name="Test 4: Get All Salaries By Collaborator Id" classname="com.humanit.salary_api.controller.SalaryControllerTest" time="0.006"/>
  <testcase name="Test 6: Delete Salary" classname="com.humanit.salary_api.controller.SalaryControllerTest" time="0.004"/>
  <system-out><![CDATA[2024-11-28 15:27:41.874 [Correlation ID: ] - Could not detect default configuration classes for test class [com.humanit.salary_api.controller.SalaryControllerTest]: SalaryControllerTest does not declare any static, non-private, non-final, nested classes annotated with @Configuration.
2024-11-28 15:27:41.884 [Correlation ID: ] - Found @SpringBootConfiguration com.humanit.salary_api.SalaryApiApplication for test class com.humanit.salary_api.controller.SalaryControllerTest

  .   ____          _            __ _ _
 /\\ / ___'_ __ _ _(_)_ __  __ _ \ \ \ \
( ( )\___ | '_ | '_| | '_ \/ _` | \ \ \ \
 \\/  ___)| |_)| | | | | || (_| |  ) ) ) )
  '  |____| .__|_| |_|_| |_\__, | / / / /
 =========|_|==============|___/=/_/_/_/

 :: Spring Boot ::                (v3.3.5)

2024-11-28 15:27:41.918 [Correlation ID: ] - Starting SalaryControllerTest using Java 21.0.4 with PID 9080 (started by yuric in D:\Projetos\HumanIT\Projeto Final\salary_api)
2024-11-28 15:27:41.919 [Correlation ID: ] - No active profile set, falling back to 1 default profile: "default"
2024-11-28 15:27:42.171 [Correlation ID: ] - Initializing Spring TestDispatcherServlet ''
2024-11-28 15:27:42.172 [Correlation ID: ] - Initializing Servlet ''
2024-11-28 15:27:42.173 [Correlation ID: ] - Completed initialization in 1 ms
2024-11-28 15:27:42.190 [Correlation ID: ] - Started SalaryControllerTest in 0.292 seconds (process running for 14.287)
2024-11-28 15:27:42.247 [Correlation ID: ] - Serializing PageImpl instances as-is is not supported, meaning that there is no guarantee about the stability of the resulting JSON structure!
	For a stable JSON structure, please use Spring Data's PagedModel (globally via @EnableSpringDataWebSupport(pageSerializationMode = VIA_DTO))
	or Spring HATEOAS and Spring Data's PagedResourcesAssembler as documented in https://docs.spring.io/spring-data/commons/reference/repositories/core-extensions.html#core.web.pageables.

]]></system-out>
  <system-err><![CDATA[]]></system-err>
</testsuite>
